c:\users\user1\documents\serious game dev\imgui-master\imgui-master\examples\example_glfw_opengl3\debug\vc141.pdb
c:\users\user1\documents\serious game dev\imgui-master\imgui-master\examples\example_glfw_opengl3\debug\vc141.idb
c:\users\user1\documents\serious game dev\imgui-master\imgui-master\examples\example_glfw_opengl3\debug\modelloader.obj
c:\users\user1\documents\serious game dev\imgui-master\imgui-master\examples\example_glfw_opengl3\debug\main.obj
c:\users\user1\documents\serious game dev\imgui-master\imgui-master\examples\example_glfw_opengl3\debug\imgui_impl_opengl3.obj
c:\users\user1\documents\serious game dev\imgui-master\imgui-master\examples\example_glfw_opengl3\debug\imgui_impl_glfw.obj
c:\users\user1\documents\serious game dev\imgui-master\imgui-master\examples\example_glfw_opengl3\debug\imgui_widgets.obj
c:\users\user1\documents\serious game dev\imgui-master\imgui-master\examples\example_glfw_opengl3\debug\imgui_tables.obj
c:\users\user1\documents\serious game dev\imgui-master\imgui-master\examples\example_glfw_opengl3\debug\imgui_draw.obj
c:\users\user1\documents\serious game dev\imgui-master\imgui-master\examples\example_glfw_opengl3\debug\imgui_demo.obj
c:\users\user1\documents\serious game dev\imgui-master\imgui-master\examples\example_glfw_opengl3\debug\imgui.obj
c:\users\user1\documents\serious game dev\imgui-master\imgui-master\examples\example_glfw_opengl3\debug\gl3w.obj
c:\users\user1\documents\serious game dev\imgui-master\imgui-master\examples\example_glfw_opengl3\debug\modeldefs.obj
c:\users\user1\documents\serious game dev\imgui-master\imgui-master\examples\example_glfw_opengl3\debug\entity.obj
c:\users\user1\documents\serious game dev\imgui-master\imgui-master\examples\example_glfw_opengl3\debug\example_glfw_opengl3.exe
c:\users\user1\documents\serious game dev\imgui-master\imgui-master\examples\example_glfw_opengl3\debug\example_glfw_opengl3.ilk
c:\users\user1\documents\serious game dev\imgui-master\imgui-master\examples\example_glfw_opengl3\debug\example_glfw_opengl3.pdb
c:\users\user1\documents\serious game dev\imgui-master\imgui-master\examples\example_glfw_opengl3\debug\main.obj.enc
c:\users\user1\documents\serious game dev\imgui-master\imgui-master\examples\example_glfw_opengl3\debug\modelloader.obj.enc
c:\users\user1\documents\serious game dev\imgui-master\imgui-master\examples\example_glfw_opengl3\debug\example_.4a1fb5ea.tlog\cl.command.1.tlog
c:\users\user1\documents\serious game dev\imgui-master\imgui-master\examples\example_glfw_opengl3\debug\example_.4a1fb5ea.tlog\cl.read.1.tlog
c:\users\user1\documents\serious game dev\imgui-master\imgui-master\examples\example_glfw_opengl3\debug\example_.4a1fb5ea.tlog\cl.write.1.tlog
c:\users\user1\documents\serious game dev\imgui-master\imgui-master\examples\example_glfw_opengl3\debug\example_.4a1fb5ea.tlog\link.command.1.tlog
c:\users\user1\documents\serious game dev\imgui-master\imgui-master\examples\example_glfw_opengl3\debug\example_.4a1fb5ea.tlog\link.read.1.tlog
c:\users\user1\documents\serious game dev\imgui-master\imgui-master\examples\example_glfw_opengl3\debug\example_.4a1fb5ea.tlog\link.write.1.tlog
